<?xml version="1.0" encoding="UTF-8"?>
<!-- Generated by org.testng.reporters.JUnitReportReporter -->
<testsuite hostname="DESKTOP-A0OUKA8" failures="0" tests="1" name="Googlesample.SampleGoogle" time="7.707" errors="0" timestamp="5 Nov 2024 09:33:04 GMT">
  <testcase classname="Googlesample.SampleGoogle" name="f" time="7.707"/>
</testsuite> <!-- Googlesample.SampleGoogle -->
